{
  "stats": {
    "suites": 0,
    "tests": 1,
    "passes": 0,
    "pending": 0,
    "failures": 1,
    "start": "2024-05-16T22:08:27.967Z",
    "end": "2024-05-16T22:08:29.315Z",
    "duration": 1348,
    "testsRegistered": 1,
    "passPercent": 0,
    "pendingPercent": 0,
    "other": 0,
    "hasOther": false,
    "skipped": 0,
    "hasSkipped": false
  },
  "results": [
    {
      "uuid": "3cb9ae83-8953-4110-8f34-20dcd7c2cd25",
      "title": "",
      "fullFile": "cypress\\integration\\examples\\BDD\\ecommerce.feature",
      "file": "cypress\\integration\\examples\\BDD\\ecommerce.feature",
      "beforeHooks": [],
      "afterHooks": [],
      "tests": [
        {
          "title": "An uncaught error was detected outside of a test",
          "fullTitle": "An uncaught error was detected outside of a test",
          "timedOut": null,
          "duration": 673,
          "state": "failed",
          "speed": null,
          "pass": false,
          "fail": true,
          "pending": false,
          "context": "{\n  \"title\": \"cypress-mochawesome-reporter-screenshots\",\n  \"value\": [\n    [\n      \"\\\\ecommerce.feature\\\\An uncaught error was detected outside of a test (failed).png\"\n    ],\n    [\n      \"\\\\ecommerce.feature\\\\An uncaught error was detected outside of a test (failed) (attempt 2).png\"\n    ]\n  ]\n}",
          "code": "throw err;",
          "err": {
            "message": "TypeError: The following error originated from your test code, not from Cypress.\n\n  > (0 , _beforeEach.default) is not a function\n\nWhen Cypress detects uncaught errors originating from your test code it will automatically fail the current test.\n\nCypress could not associate this error to any specific test.\n\nWe dynamically generated a new test to display this failure.",
            "estack": "TypeError: The following error originated from your test code, not from Cypress.\n\n  > (0 , _beforeEach.default) is not a function\n\nWhen Cypress detects uncaught errors originating from your test code it will automatically fail the current test.\n\nCypress could not associate this error to any specific test.\n\nWe dynamically generated a new test to display this failure.\n    at 3.../../../pageObjects/CheckoutPage (cypress/integration/examples/BDD/ecommerce/eCommStepDef.js:7:11)\n    at o (node_modules/browser-pack/_prelude.js:1:0)\n    at eval (node_modules/browser-pack/_prelude.js:1:0)\n    at 1.C:\\Users\\shaml\\Desktop\\Sagar 2023\\Projects\\CypressAutomation\\cypress\\integration\\examples\\BDD\\ecommerce\\beforeEach.js (cypress/integration/examples/BDD/ecommerce.feature:4:0)\n    at o (node_modules/browser-pack/_prelude.js:1:0)\n    at r (node_modules/browser-pack/_prelude.js:1:0)\n    at eval (node_modules/browser-pack/_prelude.js:1:0)\n    at eval (<anonymous>)",
            "diff": null
          },
          "uuid": "0a8355da-772d-4686-a6c2-99296b57177d",
          "parentUUID": "3cb9ae83-8953-4110-8f34-20dcd7c2cd25",
          "isHook": false,
          "skipped": false
        }
      ],
      "suites": [],
      "passes": [],
      "failures": [
        "0a8355da-772d-4686-a6c2-99296b57177d"
      ],
      "pending": [],
      "skipped": [],
      "duration": 673,
      "root": true,
      "rootEmpty": false,
      "_timeout": 2000
    }
  ],
  "meta": {
    "mocha": {
      "version": "7.0.1"
    },
    "mochawesome": {
      "options": {
        "quiet": false,
        "reportFilename": "mochawesome",
        "saveHtml": false,
        "saveJson": true,
        "consoleReporter": "spec",
        "useInlineDiffs": false,
        "code": true
      },
      "version": "7.1.3"
    },
    "marge": {
      "options": {
        "overwrite": false,
        "html": false,
        "json": true,
        "reportDir": "cypress\\reports\\html\\.jsons"
      },
      "version": "6.2.0"
    }
  }
}